Oct-04 02:12:02.159 [main] DEBUG nextflow.cli.Launcher - $> nextflow run /software/nextflow-ATCG-counts/atcg_counts.nf -c /software/nextflow-ATCG-counts/nextflow.config -work-dir 's3://seqwell-dev/work/20250902_MiSeq-Yoda/ATCG_counts_w_N/work/' --run 20250902_MiSeq-Yoda --analysis ATCG_counts_w_N --plate 'CP*_FASTQ' -bg -resume
Oct-04 02:12:02.435 [main] INFO  nextflow.cli.CmdRun - N E X T F L O W  ~  version 22.04.5
Oct-04 02:12:02.487 [main] DEBUG nextflow.config.ConfigBuilder - Found config base: /software/nextflow-ATCG-counts/nextflow.config
Oct-04 02:12:02.496 [main] DEBUG nextflow.config.ConfigBuilder - User config file: /software/nextflow-ATCG-counts/nextflow.config
Oct-04 02:12:02.497 [main] DEBUG nextflow.config.ConfigBuilder - Parsing config file: /software/nextflow-ATCG-counts/nextflow.config
Oct-04 02:12:02.497 [main] DEBUG nextflow.config.ConfigBuilder - Parsing config file: /software/nextflow-ATCG-counts/nextflow.config
Oct-04 02:12:02.542 [main] DEBUG nextflow.config.ConfigBuilder - Applying config profile: `standard`
Oct-04 02:12:04.370 [main] DEBUG nextflow.config.ConfigBuilder - Applying config profile: `standard`
Oct-04 02:12:04.454 [main] DEBUG nextflow.cli.CmdRun - Applied DSL=1 by probing script field
Oct-04 02:12:04.503 [main] INFO  nextflow.cli.CmdRun - Launching `/software/nextflow-ATCG-counts/atcg_counts.nf` [festering_lavoisier] DSL1 - revision: da4112b2b0
Oct-04 02:12:04.528 [main] DEBUG nextflow.plugin.PluginsFacade - Setting up plugin manager > mode=prod; plugins-dir=/home/yanyan/.nextflow/plugins; core-plugins: nf-amazon@1.7.2,nf-azure@0.13.2,nf-console@1.0.3,nf-ga4gh@1.0.3,nf-google@1.1.4,nf-sqldb@0.4.0,nf-tower@1.4.0
Oct-04 02:12:04.530 [main] DEBUG nextflow.plugin.PluginsFacade - Plugins default=[nf-amazon@1.7.2]
Oct-04 02:12:04.555 [main] INFO  org.pf4j.DefaultPluginStatusProvider - Enabled plugins: []
Oct-04 02:12:04.557 [main] INFO  org.pf4j.DefaultPluginStatusProvider - Disabled plugins: []
Oct-04 02:12:04.564 [main] INFO  org.pf4j.DefaultPluginManager - PF4J version 3.4.1 in 'deployment' mode
Oct-04 02:12:04.583 [main] INFO  org.pf4j.AbstractPluginManager - No plugins
Oct-04 02:12:04.584 [main] DEBUG nextflow.plugin.PluginUpdater - Installing plugin nf-amazon version: 1.7.2
Oct-04 02:12:04.595 [main] INFO  org.pf4j.AbstractPluginManager - Plugin 'nf-amazon@1.7.2' resolved
Oct-04 02:12:04.596 [main] INFO  org.pf4j.AbstractPluginManager - Start plugin 'nf-amazon@1.7.2'
Oct-04 02:12:04.626 [main] DEBUG nextflow.plugin.BasePlugin - Plugin started nf-amazon@1.7.2
Oct-04 02:12:04.680 [main] DEBUG nextflow.file.FileHelper - > Added 'S3FileSystemProvider' to list of installed providers [s3]
Oct-04 02:12:04.815 [main] DEBUG nextflow.Session - Session uuid: 8b73320f-5a64-4b0f-a685-e8b7fd00da98
Oct-04 02:12:04.815 [main] DEBUG nextflow.Session - Run name: festering_lavoisier
Oct-04 02:12:04.816 [main] DEBUG nextflow.Session - Executor pool size: 16
Oct-04 02:12:04.843 [main] DEBUG nextflow.file.FileHelper - Creating a file system instance for provider: S3FileSystemProvider
Oct-04 02:12:04.858 [main] DEBUG nextflow.Global - Using AWS credentials defined in nextflow config file
Oct-04 02:12:04.859 [main] DEBUG nextflow.file.FileHelper - AWS S3 config details: {secret_key=5WgiGB.., region=us-east-2, max_error_retry=5, access_key=AKIAXO..}
Oct-04 02:12:06.178 [main] DEBUG c.u.s3fs.S3FileSystemProvider - Using S3 multi-part downloader
Oct-04 02:12:06.183 [main] DEBUG c.u.s3fs.ng.S3ParallelDownload - Creating S3 download thread pool: workers=10; chunkSize=10 MB; queueSize=10000; max-mem=1 GB; maxAttempts=5; maxDelay=1m 30s; pool-capacity=103
Oct-04 02:12:06.244 [main] DEBUG nextflow.cli.CmdRun - 
  Version: 22.04.5 build 5708
  Created: 15-07-2022 16:09 UTC 
  System: Linux 4.14.299-152.520.amzn1.x86_64
  Runtime: Groovy 3.0.10 on OpenJDK 64-Bit Server VM 1.8.0_342-b07
  Encoding: UTF-8 (UTF-8)
  Process: 109777@ip-172-31-55-139 [172.31.55.139]
  CPUs: 16 - Mem: 62.9 GB (4.4 GB) - Swap: 0 (0)
Oct-04 02:12:07.021 [main] DEBUG nextflow.file.FileHelper - Can't check if specified path is NFS (1): /seqwell-dev/work/20250902_MiSeq-Yoda/ATCG_counts_w_N/work

Oct-04 02:12:07.021 [main] DEBUG nextflow.Session - Work-dir: s3://seqwell-dev/work/20250902_MiSeq-Yoda/ATCG_counts_w_N/work [null]
Oct-04 02:12:07.157 [main] DEBUG nextflow.executor.ExecutorFactory - Extension executors providers=[AwsBatchExecutor]
Oct-04 02:12:07.179 [main] DEBUG nextflow.Session - Observer factory: DefaultObserverFactory
Oct-04 02:12:07.223 [main] DEBUG nextflow.cache.CacheFactory - Using Nextflow cache factory: nextflow.cache.DefaultCacheFactory
Oct-04 02:12:07.247 [main] DEBUG nextflow.util.CustomThreadPool - Creating default thread pool > poolSize: 17; maxThreads: 1000
Oct-04 02:12:07.465 [main] DEBUG nextflow.Session - Session start invoked
Oct-04 02:12:08.356 [main] DEBUG nextflow.script.ScriptRunner - > Launching execution
Oct-04 02:12:08.467 [PathVisitor-1] DEBUG nextflow.file.PathVisitor - files for syntax: glob; folder: /seqwell-fastq/20250902_MiSeq-Yoda/; pattern: {CP*_FASTQ}/*_R{1,2}_001.fastq.gz; options: [:]
Oct-04 02:12:08.777 [main] DEBUG nextflow.script.ProcessConfig - Config settings `withName:get_ATCG_counts` matches process get_ATCG_counts
Oct-04 02:12:08.781 [main] DEBUG nextflow.executor.ExecutorFactory - << taskConfig executor: awsbatch
Oct-04 02:12:08.781 [main] DEBUG nextflow.executor.ExecutorFactory - >> processorType: 'awsbatch'
Oct-04 02:12:08.784 [main] DEBUG nextflow.executor.Executor - [warm up] executor > awsbatch
Oct-04 02:12:08.823 [main] DEBUG nextflow.util.ThrottlingExecutor - Creating throttling executor with opts: nextflow.util.ThrottlingExecutor$Options(poolName:AWSBatch-executor, limiter:RateLimiter[stableRate=50.0qps], poolSize:80, maxPoolSize:80, queueSize:5000, maxRetries:10, keepAlive:1m, autoThrottle:true, errorBurstDelay:1s, rampUpInterval:100, rampUpFactor:1.2, rampUpMaxRate:1.7976931348623157E308, backOffFactor:2.0, backOffMinRate:0.0166666667, retryDelay:1s)
Oct-04 02:12:08.834 [main] DEBUG nextflow.util.ThrottlingExecutor - Creating throttling executor with opts: nextflow.util.ThrottlingExecutor$Options(poolName:AWSBatch-reaper, limiter:RateLimiter[stableRate=50.0qps], poolSize:80, maxPoolSize:80, queueSize:5000, maxRetries:10, keepAlive:1m, autoThrottle:true, errorBurstDelay:1s, rampUpInterval:100, rampUpFactor:1.2, rampUpMaxRate:1.7976931348623157E308, backOffFactor:2.0, backOffMinRate:0.0166666667, retryDelay:1s)
Oct-04 02:12:08.835 [main] DEBUG n.cloud.aws.batch.AwsBatchExecutor - Creating parallel monitor for executor 'awsbatch' > pollInterval=10s; dumpInterval=5m
Oct-04 02:12:08.964 [main] INFO  n.cloud.aws.batch.AwsBatchExecutor - Uploading local `bin` scripts folder to s3://seqwell-dev/work/20250902_MiSeq-Yoda/ATCG_counts_w_N/work/tmp/48/7ac2b41dc774250948bbc7066a6e54/bin
Oct-04 02:12:09.216 [main] DEBUG nextflow.Global - Using AWS credentials defined in nextflow config file
Oct-04 02:12:09.303 [main] DEBUG n.cloud.aws.batch.AwsBatchExecutor - [AWS BATCH] Executor options=AwsOptions(cliPath:/home/ec2-user/miniconda/bin/aws, storageClass:null, storageEncryption:null, remoteBinDir:/seqwell-dev/work/20250902_MiSeq-Yoda/ATCG_counts_w_N/work/tmp/48/7ac2b41dc774250948bbc7066a6e54/bin, region:us-east-2, maxParallelTransfers:4, maxTransferAttempts:5, delayBetweenAttempts:10s, retryMode:standard, maxSpotAttempts:5, debug:null, fetchInstanceType:false, jobRole:null, volumes:[], awsCli:/home/ec2-user/miniconda/bin/aws --region us-east-2)
Oct-04 02:12:09.497 [main] DEBUG nextflow.script.ProcessConfig - Config settings `withName:SEQLOGO` matches process SEQLOGO
Oct-04 02:12:09.502 [main] DEBUG nextflow.executor.ExecutorFactory - << taskConfig executor: awsbatch
Oct-04 02:12:09.502 [main] DEBUG nextflow.executor.ExecutorFactory - >> processorType: 'awsbatch'
Oct-04 02:12:09.514 [main] DEBUG nextflow.Session - Workflow process names [dsl1]: SEQLOGO, get_ATCG_counts
Oct-04 02:12:09.515 [main] DEBUG nextflow.script.ScriptRunner - > Await termination 
Oct-04 02:12:09.515 [main] DEBUG nextflow.Session - Session await
Oct-04 02:12:10.684 [Actor Thread 16] DEBUG c.u.s3fs.S3FileSystemProvider - S3 parallel download with direct buffer: s3://seqwell-dev/work/20250902_MiSeq-Yoda/ATCG_counts_with_N/work/16/68d867a8e680a4de35e3185de6d0d3/.exitcode
Oct-04 02:12:10.990 [Actor Thread 16] INFO  nextflow.processor.TaskProcessor - [16/68d867] Cached process > get_ATCG_counts
Oct-04 02:12:11.136 [Actor Thread 16] DEBUG nextflow.util.ThreadPoolBuilder - Creating thread pool 'FileTransfer' minSize=4; maxSize=4; workQueue=LinkedBlockingQueue[10000]; allowCoreThreadTimeout=false
Oct-04 02:12:11.725 [AWSBatch-executor-1] DEBUG n.c.aws.batch.AwsBatchTaskHandler - [AWS BATCH] [AWS BATCH] Found job definition name=nf-rocker-tidyverse-latest:1; container=rocker/tidyverse:latest
Oct-04 02:12:11.842 [AWSBatch-executor-1] DEBUG n.c.aws.batch.AwsBatchTaskHandler - [AWS BATCH] submitted > job=2b17bd50-4b61-45b9-aa86-5d2e19d86cc4; work-dir=s3://seqwell-dev/work/20250902_MiSeq-Yoda/ATCG_counts_w_N/work/e7/9341607b665522fb2c239bbe25401b
Oct-04 02:12:11.843 [AWSBatch-executor-1] INFO  nextflow.Session - [e7/934160] Submitted process > SEQLOGO
Oct-04 02:17:18.867 [Task monitor] DEBUG n.processor.TaskPollingMonitor - !! executor awsbatch > tasks to be completed: 1 -- submitted tasks are shown below
~> TaskHandler[id: 2; name: SEQLOGO; status: SUBMITTED; exit: -; error: -; workDir: s3://seqwell-dev/work/20250902_MiSeq-Yoda/ATCG_counts_w_N/work/e7/9341607b665522fb2c239bbe25401b]
Oct-04 02:18:08.944 [Task monitor] DEBUG c.u.s3fs.S3FileSystemProvider - S3 parallel download with direct buffer: s3://seqwell-dev/work/20250902_MiSeq-Yoda/ATCG_counts_w_N/work/e7/9341607b665522fb2c239bbe25401b/.exitcode
Oct-04 02:18:09.023 [Task monitor] DEBUG n.processor.TaskPollingMonitor - Task completed > TaskHandler[id: 2; name: SEQLOGO; status: COMPLETED; exit: 0; error: -; workDir: s3://seqwell-dev/work/20250902_MiSeq-Yoda/ATCG_counts_w_N/work/e7/9341607b665522fb2c239bbe25401b]
Oct-04 02:18:09.184 [main] DEBUG nextflow.Session - Session await > all process finished
Oct-04 02:18:09.188 [Task monitor] DEBUG c.u.s3fs.S3FileSystemProvider - S3 parallel download with direct buffer: s3://seqwell-dev/work/20250902_MiSeq-Yoda/ATCG_counts_w_N/work/e7/9341607b665522fb2c239bbe25401b/.command.trace
Oct-04 02:18:09.299 [main] DEBUG nextflow.Session - Session await > all barriers passed
Oct-04 02:18:09.503 [main] DEBUG nextflow.trace.WorkflowStatsObserver - Workflow completed > WorkflowStats[succeededCount=1; failedCount=0; ignoredCount=0; cachedCount=1; pendingCount=0; submittedCount=0; runningCount=0; retriesCount=0; abortedCount=0; succeedDuration=1m 20s; failedDuration=0ms; cachedDuration=40.5s;loadCpus=0; loadMemory=0; peakRunning=1; peakCpus=2; peakMemory=7 GB; ]
Oct-04 02:18:09.521 [main] DEBUG nextflow.cache.CacheDB - Closing CacheDB done
Oct-04 02:18:09.521 [main] INFO  org.pf4j.AbstractPluginManager - Stop plugin 'nf-amazon@1.7.2'
Oct-04 02:18:09.521 [main] DEBUG nextflow.plugin.BasePlugin - Plugin stopped nf-amazon
Oct-04 02:18:09.521 [main] DEBUG c.u.s3fs.ng.S3ParallelDownload - Shutdown S3 downloader
Oct-04 02:18:09.522 [main] DEBUG c.u.s3fs.ng.S3ParallelDownload - Shutdown S3 downloader - done
Oct-04 02:18:09.552 [main] DEBUG nextflow.script.ScriptRunner - > Execution complete -- Goodbye
